<?xml version="1.0" encoding="UTF-8"?>
<!-- Generated by org.testng.reporters.JUnitReportReporter -->
<testsuite hostname="Anuj" failures="0" tests="1" name="organizationTestCasesTestng.CreateOrganizationWithMembersOfTest" time="32.891" errors="0" timestamp="2022-01-19T08:44:47 IST" skipped="0">
  <testcase classname="organizationTestCasesTestng.CreateOrganizationWithMembersOfTest" name="CreateOrganizationWithMembersOf" time="32.891"/>
  <system-out/>
</testsuite> <!-- organizationTestCasesTestng.CreateOrganizationWithMembersOfTest -->
