<?xml version="1.0" encoding="UTF-8"?>
<!-- Generated by org.testng.reporters.JUnitReportReporter -->
<testsuite hostname="Anuj" failures="0" tests="3" name="TestNGPractice.NewCustomer" time="0.045" errors="0" timestamp="2022-01-18T02:05:16 IST" skipped="0">
  <testcase classname="TestNGPractice.NewCustomer" name="opportunity" time="0.010"/>
  <system-out/>
  <testcase classname="TestNGPractice.NewCustomer" name="organization" time="0.006"/>
  <system-out/>
  <testcase classname="TestNGPractice.NewCustomer" name="contact" time="0.029"/>
  <system-out/>
</testsuite> <!-- TestNGPractice.NewCustomer -->
