<?xml version="1.0" encoding="UTF-8"?>
<!-- Generated by org.testng.reporters.JUnitReportReporter -->
<testsuite hostname="Anuj" failures="0" tests="2" name="TestNGPractice.Customer" time="0.018" errors="0" timestamp="2022-01-17T22:43:15 IST" skipped="0">
  <testcase classname="TestNGPractice.Customer" name="customerTest1" time="0.013"/>
  <system-out/>
  <testcase classname="TestNGPractice.Customer" name="customerTest2" time="0.005"/>
  <system-out/>
</testsuite> <!-- TestNGPractice.Customer -->
