<?xml version="1.0" encoding="UTF-8"?>
<!-- Generated by org.testng.reporters.JUnitReportReporter -->
<testsuite hostname="Anuj" failures="0" tests="2" name="TestNGPractice.CreateOrg" time="0.096" errors="0" timestamp="2022-01-18T12:05:21 IST" skipped="0">
  <testcase classname="TestNGPractice.CreateOrg" name="org" time="0.051"/>
  <system-out/>
  <testcase classname="TestNGPractice.CreateOrg" name="contact" time="0.045"/>
  <system-out/>
</testsuite> <!-- TestNGPractice.CreateOrg -->
