<?xml version="1.0" encoding="UTF-8"?>
<!-- Generated by org.testng.reporters.JUnitReportReporter -->
<testsuite hostname="Anuj" failures="0" tests="2" name="TestNGPractice.Customer1" time="0.035" errors="0" timestamp="2022-01-17T22:43:15 IST" skipped="0">
  <testcase classname="TestNGPractice.Customer1" name="customerTest3" time="0.026"/>
  <system-out/>
  <testcase classname="TestNGPractice.Customer1" name="customerTest4" time="0.009"/>
  <system-out/>
</testsuite> <!-- TestNGPractice.Customer1 -->
