<?xml version="1.0" encoding="UTF-8"?>
<!-- Generated by org.testng.reporters.JUnitReportReporter -->
<testsuite hostname="Anuj" failures="0" tests="1" name="organizationTestCasesTestng.CreateOrganizationTest" time="95.698" errors="0" timestamp="2022-01-20T14:43:24 IST" skipped="0">
  <testcase classname="organizationTestCasesTestng.CreateOrganizationTest" name="CreateOrganization" time="95.698"/>
  <system-out/>
</testsuite> <!-- organizationTestCasesTestng.CreateOrganizationTest -->
