<?xml version="1.0" encoding="UTF-8"?>
<!-- Generated by org.testng.reporters.JUnitReportReporter -->
<testsuite hostname="Anuj" failures="0" tests="1" name="organizationTestCasesTestng.CreateOrganizationWithMembersOfandClearTest" time="36.942" errors="0" timestamp="2022-01-19T08:44:47 IST" skipped="0">
  <testcase classname="organizationTestCasesTestng.CreateOrganizationWithMembersOfandClearTest" name="CreateOrganizationWithMembersOfandClear" time="36.942"/>
  <system-out/>
</testsuite> <!-- organizationTestCasesTestng.CreateOrganizationWithMembersOfandClearTest -->
